{"time":"2026-05-13T11:55:04.35767522Z","level":"INFO","msg":"users fetched","count":1,"nextCursor":1}
{"time":"2026-05-13T12:17:07.566343025Z","level":"INFO","msg":"user updated","userID":1}
{"time":"2026-05-13T12:17:12.091441178Z","level":"INFO","msg":"user updated","userID":1}
{"time":"2026-05-13T12:17:24.081325732Z","level":"INFO","msg":"users fetched","count":1,"nextCursor":1}
{"time":"2026-05-13T12:17:34.157475229Z","level":"INFO","msg":"user updated","userID":1}
{"time":"2026-05-13T12:25:09.988425664Z","level":"INFO","msg":"user updated","userID":1}
{"time":"2026-05-13T12:34:08.390207098Z","level":"INFO","msg":"user updated","userID":1}
{"time":"2026-05-13T12:37:21.271252994Z","level":"INFO","msg":"users fetched","count":0,"nextCursor":0}
{"time":"2026-05-13T12:37:33.50553077Z","level":"INFO","msg":"user created","userID":1,"username":"newusername"}
{"time":"2026-05-15T06:27:03.309239705Z","level":"INFO","msg":"todos fetched","userID":1,"count":0}
{"time":"2026-05-15T06:27:11.093494897Z","level":"INFO","msg":"user fetched","userID":1}
{"time":"2026-05-15T07:18:06.432407489Z","level":"INFO","msg":"todos fetched","userID":1,"count":0}
{"time":"2026-05-15T08:43:22.255377272Z","level":"ERROR","msg":"server failed","error":"listen tcp 127.0.0.1:8080: bind: address already in use"}
{"time":"2026-05-15T08:43:37.052923579Z","level":"ERROR","msg":"server failed","error":"listen tcp 127.0.0.1:8080: bind: address already in use"}
{"time":"2026-05-15T10:16:06.598967368Z","level":"INFO","msg":"user created","userID":1,"username":"john"}
{"time":"2026-05-15T10:17:16.755071686Z","level":"INFO","msg":"user updated","userID":1}
{"time":"2026-05-15T10:18:20.53263007Z","level":"INFO","msg":"todo created","userID":1,"todoID":1}
{"time":"2026-05-15T10:18:31.867321326Z","level":"INFO","msg":"todo updated","userID":1,"todoID":1}
{"time":"2026-05-15T10:19:07.474714528Z","level":"INFO","msg":"todo deleted","userID":1,"todoID":1}
{"time":"2026-05-15T10:19:16.969254445Z","level":"INFO","msg":"todo created","userID":1,"todoID":2}
{"time":"2026-05-15T10:19:24.192832368Z","level":"INFO","msg":"user deleted","userID":1}
